app/build/intermediates/manifest_merge_blame_file/debug/manifest-merger-blame-debug-report.txt
1<?xml version="1.0" encoding="utf-8"?>
2<!--
3 Copyright (C) 2007 The Android Open Source Project
4
5     Licensed under the Apache License, Version 2.0 (the "License");
6     you may not use this file except in compliance with the License.
7     You may obtain a copy of the License at
8
9          http://www.apache.org/licenses/LICENSE-2.0
10
11     Unless required by applicable law or agreed to in writing, software
12     distributed under the License is distributed on an "AS IS" BASIS,
13     WITHOUT WARRANTIES OR CONDITIONS OF ANY KIND, either express or implied.
14     See the License for the specific language governing permissions and
15     limitations under the License.
16-->
17<!--
18 Declare the contents of this Android application.  The namespace
19     attribute brings in the Android platform namespace, and the package
20     supplies a unique name for the application.  When writing your
21     own application, the package name must be changed from "com.example.*"
22     to come from a domain that you own or have control over.
23-->
24<manifest xmlns:android="http://schemas.android.com/apk/res/android"
25    package="com.example.android.notepad" >
26
27    <uses-sdk
28        android:minSdkVersion="11"
28-->src\main\AndroidManifest.xml
29        android:targetSdkVersion="11" />
29-->src\main\AndroidManifest.xml
30
31    <application
31-->src\main\AndroidManifest.xml:25:5-121:19
32        android:debuggable="true"
33        android:icon="@drawable/app_notes"
33-->src\main\AndroidManifest.xml:25:18-52
34        android:label="@string/app_name"
34-->src\main\AndroidManifest.xml:26:9-41
35        android:testOnly="true" >
36        <provider
36-->src\main\AndroidManifest.xml:28:9-32:20
37            android:name="com.example.android.notepad.NotePadProvider"
37-->src\main\AndroidManifest.xml:28:19-49
38            android:authorities="com.google.provider.NotePad"
38-->src\main\AndroidManifest.xml:29:13-62
39            android:exported="false" >
39-->src\main\AndroidManifest.xml:30:13-37
40            <grant-uri-permission android:pathPattern=".*" />
40-->src\main\AndroidManifest.xml:31:13-62
40-->src\main\AndroidManifest.xml:31:35-59
41        </provider>
42
43        <activity
43-->src\main\AndroidManifest.xml:34:9-51:20
44            android:name="com.example.android.notepad.NotesList"
44-->src\main\AndroidManifest.xml:34:19-43
45            android:label="@string/title_notes_list" >
45-->src\main\AndroidManifest.xml:34:44-84
46            <intent-filter>
46-->src\main\AndroidManifest.xml:35:13-38:29
47                <action android:name="android.intent.action.MAIN" />
47-->src\main\AndroidManifest.xml:36:17-69
47-->src\main\AndroidManifest.xml:36:25-66
48
49                <category android:name="android.intent.category.LAUNCHER" />
49-->src\main\AndroidManifest.xml:37:17-77
49-->src\main\AndroidManifest.xml:37:27-74
50            </intent-filter>
51            <intent-filter>
51-->src\main\AndroidManifest.xml:39:13-45:29
52                <action android:name="android.intent.action.VIEW" />
52-->src\main\AndroidManifest.xml:40:17-69
52-->src\main\AndroidManifest.xml:40:25-66
53                <action android:name="android.intent.action.EDIT" />
53-->src\main\AndroidManifest.xml:41:17-69
53-->src\main\AndroidManifest.xml:41:25-66
54                <action android:name="android.intent.action.PICK" />
54-->src\main\AndroidManifest.xml:42:17-69
54-->src\main\AndroidManifest.xml:42:25-66
55
56                <category android:name="android.intent.category.DEFAULT" />
56-->src\main\AndroidManifest.xml:43:17-76
56-->src\main\AndroidManifest.xml:43:27-73
57
58                <data android:mimeType="vnd.android.cursor.dir/vnd.google.note" />
58-->src\main\AndroidManifest.xml:44:17-83
58-->src\main\AndroidManifest.xml:44:23-80
59            </intent-filter>
60            <intent-filter>
60-->src\main\AndroidManifest.xml:46:13-50:29
61                <action android:name="android.intent.action.GET_CONTENT" />
61-->src\main\AndroidManifest.xml:47:17-76
61-->src\main\AndroidManifest.xml:47:25-73
62
63                <category android:name="android.intent.category.DEFAULT" />
63-->src\main\AndroidManifest.xml:43:17-76
63-->src\main\AndroidManifest.xml:43:27-73
64
65                <data android:mimeType="vnd.android.cursor.item/vnd.google.note" />
65-->src\main\AndroidManifest.xml:44:17-83
65-->src\main\AndroidManifest.xml:44:23-80
66            </intent-filter>
67        </activity>
68        <activity
68-->src\main\AndroidManifest.xml:52:9-57:20
69            android:name="com.example.android.notepad.NoteSearch"
69-->src\main\AndroidManifest.xml:52:19-45
70            android:label="@string/title_notes_list" >
70-->src\main\AndroidManifest.xml:52:46-86
71            <intent-filter>
71-->src\main\AndroidManifest.xml:35:13-38:29
72                <action android:name="android.intent.action.MAIN" />
72-->src\main\AndroidManifest.xml:36:17-69
72-->src\main\AndroidManifest.xml:36:25-66
73
74                <category android:name="android.intent.category.LAUNCHER" />
74-->src\main\AndroidManifest.xml:37:17-77
74-->src\main\AndroidManifest.xml:37:27-74
75            </intent-filter>
76        </activity>
77        <activity
77-->src\main\AndroidManifest.xml:58:9-84:20
78            android:name="com.example.android.notepad.NoteEditor"
78-->src\main\AndroidManifest.xml:58:19-44
79            android:configChanges="keyboardHidden|orientation"
79-->src\main\AndroidManifest.xml:61:13-63
80            android:screenOrientation="sensor"
80-->src\main\AndroidManifest.xml:60:13-47
81            android:theme="@android:style/Theme.Holo.Light" >
81-->src\main\AndroidManifest.xml:59:13-60
82
83            <!--
84                 This filter says that we can view or edit the data of
85                 a single note
86            -->
87            <intent-filter android:label="@string/resolve_edit" >
87-->src\main\AndroidManifest.xml:65:13-71:29
87-->src\main\AndroidManifest.xml:65:28-64
88                <action android:name="android.intent.action.VIEW" />
88-->src\main\AndroidManifest.xml:40:17-69
88-->src\main\AndroidManifest.xml:40:25-66
89                <action android:name="android.intent.action.EDIT" />
89-->src\main\AndroidManifest.xml:41:17-69
89-->src\main\AndroidManifest.xml:41:25-66
90                <action android:name="com.android.notepad.action.EDIT_NOTE" />
90-->src\main\AndroidManifest.xml:68:17-79
90-->src\main\AndroidManifest.xml:68:25-76
91
92                <category android:name="android.intent.category.DEFAULT" />
92-->src\main\AndroidManifest.xml:43:17-76
92-->src\main\AndroidManifest.xml:43:27-73
93
94                <data android:mimeType="vnd.android.cursor.item/vnd.google.note" />
94-->src\main\AndroidManifest.xml:44:17-83
94-->src\main\AndroidManifest.xml:44:23-80
95            </intent-filter>
96
97            <!--
98                 This filter says that we can create a new note inside
99                 of a directory of notes.  The INSERT action creates an
100                 empty note; the PASTE action initializes a new note from
101                 the current contents of the clipboard.
102            -->
103            <intent-filter>
103-->src\main\AndroidManifest.xml:77:13-82:29
104                <action android:name="android.intent.action.INSERT" />
104-->src\main\AndroidManifest.xml:78:17-71
104-->src\main\AndroidManifest.xml:78:25-68
105                <action android:name="android.intent.action.PASTE" />
105-->src\main\AndroidManifest.xml:79:17-70
105-->src\main\AndroidManifest.xml:79:25-67
106
107                <category android:name="android.intent.category.DEFAULT" />
107-->src\main\AndroidManifest.xml:43:17-76
107-->src\main\AndroidManifest.xml:43:27-73
108
109                <data android:mimeType="vnd.android.cursor.dir/vnd.google.note" />
109-->src\main\AndroidManifest.xml:44:17-83
109-->src\main\AndroidManifest.xml:44:23-80
110            </intent-filter>
111        </activity>
112        <activity
112-->src\main\AndroidManifest.xml:86:9-111:20
113            android:name="com.example.android.notepad.TitleEditor"
113-->src\main\AndroidManifest.xml:86:19-45
114            android:icon="@drawable/ic_menu_edit"
114-->src\main\AndroidManifest.xml:88:13-50
115            android:label="@string/title_edit_title"
115-->src\main\AndroidManifest.xml:87:13-53
116            android:theme="@android:style/Theme.Holo.Dialog"
116-->src\main\AndroidManifest.xml:89:13-61
117            android:windowSoftInputMode="stateVisible" >
117-->src\main\AndroidManifest.xml:90:13-55
118
119            <!--
120                 This activity implements an alternative action that can be
121                 performed on notes: editing their title.  It can be used as
122                 a default operation if the user invokes this action, and is
123                 available as an alternative action for any note data.
124            -->
125            <intent-filter android:label="@string/resolve_title" >
125-->src\main\AndroidManifest.xml:95:13-110:29
125-->src\main\AndroidManifest.xml:95:28-65
126
127                <!--
128                     This is the action we perform.  It is a custom action we
129                     define for our application, not a generic VIEW or EDIT
130                     action since we are not a general note viewer/editor.
131                -->
132                <action android:name="com.android.notepad.action.EDIT_TITLE" />
132-->src\main\AndroidManifest.xml:99:17-80
132-->src\main\AndroidManifest.xml:99:25-77
133                <!-- DEFAULT: execute if being directly invoked. -->
134                <category android:name="android.intent.category.DEFAULT" />
134-->src\main\AndroidManifest.xml:43:17-76
134-->src\main\AndroidManifest.xml:43:27-73
135                <!--
136                     ALTERNATIVE: show as an alternative action when the user is
137                     working with this type of data.
138                -->
139                <category android:name="android.intent.category.ALTERNATIVE" />
139-->src\main\AndroidManifest.xml:104:17-80
139-->src\main\AndroidManifest.xml:104:27-77
140                <!--
141                     SELECTED_ALTERNATIVE: show as an alternative action the user
142                     can perform when selecting this type of data.
143                -->
144                <category android:name="android.intent.category.SELECTED_ALTERNATIVE" />
144-->src\main\AndroidManifest.xml:107:17-89
144-->src\main\AndroidManifest.xml:107:27-86
145                <!-- This is the data type we operate on. -->
146                <data android:mimeType="vnd.android.cursor.item/vnd.google.note" />
146-->src\main\AndroidManifest.xml:44:17-83
146-->src\main\AndroidManifest.xml:44:23-80
147            </intent-filter>
148        </activity>
149        <activity
149-->src\main\AndroidManifest.xml:113:9-119:20
150            android:name="com.example.android.notepad.NotesLiveFolder"
150-->src\main\AndroidManifest.xml:113:19-49
151            android:icon="@drawable/live_folder_notes"
151-->src\main\AndroidManifest.xml:114:13-55
152            android:label="@string/live_folder_name" >
152-->src\main\AndroidManifest.xml:113:50-90
153            <intent-filter>
153-->src\main\AndroidManifest.xml:115:13-118:29
154                <action android:name="android.intent.action.CREATE_LIVE_FOLDER" />
154-->src\main\AndroidManifest.xml:116:17-83
154-->src\main\AndroidManifest.xml:116:25-80
155
156                <category android:name="android.intent.category.DEFAULT" />
156-->src\main\AndroidManifest.xml:43:17-76
156-->src\main\AndroidManifest.xml:43:27-73
157            </intent-filter>
158        </activity>
159    </application>
160
161</manifest>